Cannot find travel restrictions info for AFGHANISTAN error unsupported operand type(s) for &: 'str' and 'str'
AFGHANISTAN
 -- published 24.04.2020

------------
Cannot find travel restrictions info for ALBANIA error unsupported operand type(s) for &: 'str' and 'str'
ALBANIA
 - published 29.04.2020 

------------
Cannot find travel restrictions info for ALGERIA error unsupported operand type(s) for &: 'str' and 'str'
ALGERIA
 -- published 17.04.2020

------------
Cannot find travel restrictions info for ANGOLA error unsupported operand type(s) for &: 'str' and 'str'
ANGOLA
 - published 07.05.2020 

------------
Cannot find travel restrictions info for ANGUILLA error unsupported operand type(s) for &: 'str' and 'str'
ANGUILLA
 -- published 07.04.2020

------------
Cannot find travel restrictions info for ANTIGUA AND BARBUDA error unsupported operand type(s) for &: 'str' and 'str'
ANTIGUA AND BARBUDA
 - published 23.04.2020 

------------
Cannot find travel restrictions info for ARGENTINA error unsupported operand type(s) for &: 'str' and 'str'
ARGENTINA
 -- published 07.05.2020 

------------
Cannot find travel restrictions info for ARMENIA error unsupported operand type(s) for &: 'str' and 'str'
ARMENIA
 - published 17.04.2020 

------------
Cannot find travel restrictions info for ARUBA error unsupported operand type(s) for &: 'str' and 'str'
ARUBA
 -- published 21.04.2020 

------------
Cannot find travel restrictions info for AUSTRALIA error unsupported operand type(s) for &: 'str' and 'str'
AUSTRALIA
 - published 29.04.2020 

------------
Cannot find travel restrictions info for AUSTRIA error unsupported operand type(s) for &: 'str' and 'str'
AUSTRIA
 - published 18.04.2020 

------------
Cannot find travel restrictions info for AZERBAIJAN error unsupported operand type(s) for &: 'str' and 'str'
AZERBAIJAN
 - published 22.03.2020 

------------
Cannot find travel restrictions info for BAHAMAS error unsupported operand type(s) for &: 'str' and 'str'
BAHAMAS
 -- published 17.04.2020 

------------
Cannot find travel restrictions info for BAHRAIN error unsupported operand type(s) for &: 'str' and 'str'
BAHRAIN
 - published 19.03.2020 

------------
Cannot find travel restrictions info for BANGLADESH error unsupported operand type(s) for &: 'str' and 'str'
BANGLADESH
 - published 06.05.2020 

------------
Cannot find travel restrictions info for BARBADOS error unsupported operand type(s) for &: 'str' and 'str'
BARBADOS
 -- published 17.04.2020

------------
Cannot find travel restrictions info for BELARUS error unsupported operand type(s) for &: 'str' and 'str'
BELARUS
 --- published 04.05.2020

------------
Cannot find travel restrictions info for BELGIUM error unsupported operand type(s) for &: 'str' and 'str'
BELGIUM
 - published 07.05.2020

------------
Cannot find travel restrictions info for BELIZE error unsupported operand type(s) for &: 'str' and 'str'
BELIZE
 -- published 21.04.2020 

------------
Cannot find travel restrictions info for BENIN error unsupported operand type(s) for &: 'str' and 'str'
BENIN
 --- published 18.03.2020 

------------
Cannot find travel restrictions info for BERMUDA error unsupported operand type(s) for &: 'str' and 'str'
BERMUDA
 -- published 18.04.2020

------------
Cannot find travel restrictions info for BHUTAN error unsupported operand type(s) for &: 'str' and 'str'
BHUTAN
 - published 20.04.2020

------------
Cannot find travel restrictions info for BOLIVIA error unsupported operand type(s) for &: 'str' and 'str'
BOLIVIA
 -- published 01.05.2020

------------
Cannot find travel restrictions info for BONAIRE, ST. EUSTATIUS AND SABA error unsupported operand type(s) for &: 'str' and 'str'
BONAIRE, ST. EUSTATIUS AND SABA
 - published 16.04.2020

------------
Cannot find travel restrictions info for BOSNIA AND HERZEGOVINA error unsupported operand type(s) for &: 'str' and 'str'
BOSNIA AND HERZEGOVINA
 - published 27.03.2020 

------------
Cannot find travel restrictions info for BOTSWANA error unsupported operand type(s) for &: 'str' and 'str'
BOTSWANA
 - published 18.04.2020

------------
Cannot find travel restrictions info for BRAZIL error unsupported operand type(s) for &: 'str' and 'str'
BRAZIL
 - published 18.04.2020

------------
Cannot find travel restrictions info for BRUNEI DARUSSALAM error unsupported operand type(s) for &: 'str' and 'str'
BRUNEI DARUSSALAM
 -- published 20.04.2020 

------------
Cannot find travel restrictions info for BULGARIA error unsupported operand type(s) for &: 'str' and 'str'
BULGARIA
 - published 07.05.2020

------------
Cannot find travel restrictions info for BURKINA FASO error unsupported operand type(s) for &: 'str' and 'str'
BURKINA FASO
 -- published 18.04.2020

------------
Cannot find travel restrictions info for BURUNDI  error unsupported operand type(s) for &: 'str' and 'str'
BURUNDI 
-- published 21.04.2020

------------
Cannot find travel restrictions info for CAMBODIA error unsupported operand type(s) for &: 'str' and 'str'
CAMBODIA
 - published 31.03.2020

------------
Cannot find travel restrictions info for CAMEROON error unsupported operand type(s) for &: 'str' and 'str'
CAMEROON
 -- published 15.04.2020

------------
Cannot find travel restrictions info for CANADA error unsupported operand type(s) for &: 'str' and 'str'
CANADA
 - published 06.05.2020

------------
Cannot find travel restrictions info for CAPE VERDE error unsupported operand type(s) for &: 'str' and 'str'
CAPE VERDE
 -- published 22.04.2020

------------
Cannot find travel restrictions info for CAYMAN ISL. error unsupported operand type(s) for &: 'str' and 'str'
CAYMAN ISL.
 -- published 15.04.2020

------------
Cannot find travel restrictions info for CENTRAL AFRICAN REP. error unsupported operand type(s) for &: 'str' and 'str'
CENTRAL AFRICAN REP.
 --- published 07.05.2020

------------
Cannot find travel restrictions info for CHAD error unsupported operand type(s) for &: 'str' and 'str'
CHAD
 -- published 26.04.2020

------------
Cannot find travel restrictions info for CHILE error unsupported operand type(s) for &: 'str' and 'str'
CHILE
 - published 03.05.2020 

------------
Cannot find travel restrictions info for THE MAINLAND OF CHINA  error unsupported operand type(s) for &: 'str' and 'str'
THE MAINLAND OF CHINA 
- published 03.04.2020

------------
Cannot find travel restrictions info for CHINESE TAIPEI error unsupported operand type(s) for &: 'str' and 'str'
CHINESE TAIPEI
 - published 01.05.2020

------------
Cannot find travel restrictions info for COLOMBIA error unsupported operand type(s) for &: 'str' and 'str'
COLOMBIA
 -- published 09.04.2020

------------
Cannot find travel restrictions info for COMOROS error unsupported operand type(s) for &: 'str' and 'str'
COMOROS
 -- published 23.03.2020 

------------
Cannot find travel restrictions info for CONGO (BRAZZAVILLE) error unsupported operand type(s) for &: 'str' and 'str'
CONGO (BRAZZAVILLE)
 -- published 26.03.2020

------------
Cannot find travel restrictions info for CONGO (DEM. REP.) error unsupported operand type(s) for &: 'str' and 'str'
CONGO (DEM. REP.)
 -- published 22.04.2020

------------
Cannot find travel restrictions info for COOK ISL. error unsupported operand type(s) for &: 'str' and 'str'
COOK ISL.
 - published 07.05.2020 

------------
Cannot find travel restrictions info for COSTA RICA  error unsupported operand type(s) for &: 'str' and 'str'
COSTA RICA 
-- published 14.04.2020

------------
Cannot find travel restrictions info for COTE D'IVOIRE error unsupported operand type(s) for &: 'str' and 'str'
COTE D'IVOIRE
 -- published 25.03.2020

------------
Cannot find travel restrictions info for CROATIA error unsupported operand type(s) for &: 'str' and 'str'
CROATIA
 - published 07.05.2020 

------------
Cannot find travel restrictions info for CUBA error unsupported operand type(s) for &: 'str' and 'str'
CUBA
 -- published 01.04.2020

------------
Cannot find travel restrictions info for CURACAO error unsupported operand type(s) for &: 'str' and 'str'
CURACAO
 - published 08.05.2020

------------
Cannot find travel restrictions info for CYPRUS  error unsupported operand type(s) for &: 'str' and 'str'
CYPRUS 
-- published 06.05.2020

------------
Cannot find travel restrictions info for CZECHIA error unsupported operand type(s) for &: 'str' and 'str'
CZECHIA
 - published 30.04.2020

------------
Cannot find travel restrictions info for DENMARK error unsupported operand type(s) for &: 'str' and 'str'
DENMARK
 - published 24.04.2020

------------
Cannot find travel restrictions info for DJIBOUTI error unsupported operand type(s) for &: 'str' and 'str'
DJIBOUTI
 -- published 24.03.2020

------------
Cannot find travel restrictions info for DOMINICA error unsupported operand type(s) for &: 'str' and 'str'
DOMINICA
 -- published 16.04.2020

------------
Cannot find travel restrictions info for DOMINICAN REP. error unsupported operand type(s) for &: 'str' and 'str'
DOMINICAN REP.
 -- published 03.05.2020

------------
Cannot find travel restrictions info for ECUADOR error unsupported operand type(s) for &: 'str' and 'str'
ECUADOR
 -- published 22.04.2020 

------------
Cannot find travel restrictions info for EGYPT error unsupported operand type(s) for &: 'str' and 'str'
EGYPT
 -- published 27.04.2020 

------------
Cannot find travel restrictions info for EL SALVADOR error unsupported operand type(s) for &: 'str' and 'str'
EL SALVADOR
 -- published 17.04.2020 

------------
Cannot find travel restrictions info for EQUATORIAL GUINEA error unsupported operand type(s) for &: 'str' and 'str'
EQUATORIAL GUINEA
 -- published 24.04.2020

------------
Cannot find travel restrictions info for ERITREA error unsupported operand type(s) for &: 'str' and 'str'
ERITREA
 -- published 02.04.2020

------------
Cannot find travel restrictions info for ESTONIA error unsupported operand type(s) for &: 'str' and 'str'
ESTONIA
 - published 29.04.2020

------------
Cannot find travel restrictions info for ETHIOPIA error unsupported operand type(s) for &: 'str' and 'str'
ETHIOPIA
 --- published 22.03.2020

------------
Cannot find travel restrictions info for ESWATINI (SWAZILAND) error unsupported operand type(s) for &: 'str' and 'str'
ESWATINI (SWAZILAND)
 --- published 24.04.2020

------------
Cannot find travel restrictions info for FALKLAND ISL. (MALVINAS) error unsupported operand type(s) for &: 'str' and 'str'
FALKLAND ISL. (MALVINAS)
 - published 10.04.2020 

------------
Cannot find travel restrictions info for FIJI error unsupported operand type(s) for &: 'str' and 'str'
FIJI
 -- published 30.03.2020 

------------
Cannot find travel restrictions info for FINLAND error unsupported operand type(s) for &: 'str' and 'str'
FINLAND
 - published 20.03.2020

------------
Cannot find travel restrictions info for FRANCE error unsupported operand type(s) for &: 'str' and 'str'
FRANCE
 - published 06.05.2020

------------
Cannot find travel restrictions info for FRENCH GUIANA error unsupported operand type(s) for &: 'str' and 'str'
FRENCH GUIANA
 --- published 06.05.2020 

------------
Cannot find travel restrictions info for FRENCH POLYNESIA error unsupported operand type(s) for &: 'str' and 'str'
FRENCH POLYNESIA
 -- published 06.05.2020

------------
Cannot find travel restrictions info for FRENCH WEST INDIES error unsupported operand type(s) for &: 'str' and 'str'
FRENCH WEST INDIES
 - published 06.05.2020 

------------
Cannot find travel restrictions info for GABON error unsupported operand type(s) for &: 'str' and 'str'
GABON
 - published 16.03.2020

------------
Cannot find travel restrictions info for GAMBIA error unsupported operand type(s) for &: 'str' and 'str'
GAMBIA
 -- published 22.04.2020

------------
Cannot find travel restrictions info for GEORGIA error unsupported operand type(s) for &: 'str' and 'str'
GEORGIA
 - published 18.03.2020 

------------
Cannot find travel restrictions info for GERMANY error unsupported operand type(s) for &: 'str' and 'str'
GERMANY
 - published 04.05.2020

------------
Cannot find travel restrictions info for GHANA error unsupported operand type(s) for &: 'str' and 'str'
GHANA
 -- published 02.05.2020

------------
Cannot find travel restrictions info for GIBRALTAR error unsupported operand type(s) for &: 'str' and 'str'
GIBRALTAR
 - published 16.04.2020

------------
Cannot find travel restrictions info for GREECE error unsupported operand type(s) for &: 'str' and 'str'
GREECE
 - published 29.04.2020

------------
Cannot find travel restrictions info for GRENADA error unsupported operand type(s) for &: 'str' and 'str'
GRENADA
 -- published 17.04.2020 

------------
Cannot find travel restrictions info for GUAM error unsupported operand type(s) for &: 'str' and 'str'
GUAM
 - published 30.03.2020

------------
Cannot find travel restrictions info for GUATEMALA error unsupported operand type(s) for &: 'str' and 'str'
GUATEMALA
 -- published 07.05.2020 

------------
Cannot find travel restrictions info for GUINEA error unsupported operand type(s) for &: 'str' and 'str'
GUINEA
 -- published 23.04.2020 

------------
Cannot find travel restrictions info for GUINEA-BISSAU error unsupported operand type(s) for &: 'str' and 'str'
GUINEA-BISSAU
 -- published 27.04.2020

------------
Cannot find travel restrictions info for GUYANA  error unsupported operand type(s) for &: 'str' and 'str'
GUYANA 
-- published 07.05-2020

------------
Cannot find travel restrictions info for HAITI error unsupported operand type(s) for &: 'str' and 'str'
HAITI
 -- published 14.04.2020 

------------
Cannot find travel restrictions info for HONDURAS error unsupported operand type(s) for &: 'str' and 'str'
HONDURAS
 -- published 22.04.2020

------------
Cannot find travel restrictions info for HONG KONG SAR, CHINA error unsupported operand type(s) for &: 'str' and 'str'
HONG KONG SAR, CHINA
 - published 06.04.2020

------------
Cannot find travel restrictions info for HUNGARY error unsupported operand type(s) for &: 'str' and 'str'
HUNGARY
 -- published 24.04.2020

------------
Cannot find travel restrictions info for ICELAND - error unsupported operand type(s) for &: 'str' and 'str'
ICELAND -
 published 22.04.2020

------------
Cannot find travel restrictions info for INDIA error unsupported operand type(s) for &: 'str' and 'str'
INDIA
 -- published 04.05.2020 

------------
Cannot find travel restrictions info for INDONESIA error unsupported operand type(s) for &: 'str' and 'str'
INDONESIA
 - published 04.05.2020 

------------
Cannot find travel restrictions info for IRAN error unsupported operand type(s) for &: 'str' and 'str'
IRAN
 - published 29.04.2020 

------------
Cannot find travel restrictions info for IRAQ error unsupported operand type(s) for &: 'str' and 'str'
IRAQ
 -- published 24.04.2020

------------
Cannot find travel restrictions info for IRELAND (REP.) error unsupported operand type(s) for &: 'str' and 'str'
IRELAND (REP.)
 --- published 20.04.2020

------------
Cannot find travel restrictions info for ISRAEL error unsupported operand type(s) for &: 'str' and 'str'
ISRAEL
 -- published 06.04.2020

------------
Cannot find travel restrictions info for ITALY error unsupported operand type(s) for &: 'str' and 'str'
ITALY
 - published 10.04.2020

------------
Cannot find travel restrictions info for JAMAICA error unsupported operand type(s) for &: 'str' and 'str'
JAMAICA
 -- published 06.05.2020

------------
Cannot find travel restrictions info for JAPAN error unsupported operand type(s) for &: 'str' and 'str'
JAPAN
 - published 01.05.2020

------------
Cannot find travel restrictions info for JORDAN error unsupported operand type(s) for &: 'str' and 'str'
JORDAN
 -- published 07.04.2020 

------------
Cannot find travel restrictions info for KAZAKHSTAN error unsupported operand type(s) for &: 'str' and 'str'
KAZAKHSTAN
 -- published 06.05.2020 

------------
Cannot find travel restrictions info for KENYA error unsupported operand type(s) for &: 'str' and 'str'
KENYA
 -- published 07.04.2020 

------------
Cannot find travel restrictions info for KIRIBATI error unsupported operand type(s) for &: 'str' and 'str'
KIRIBATI
 -- published 23.03.2020 

------------
Cannot find travel restrictions info for KOREA (REP.) error unsupported operand type(s) for &: 'str' and 'str'
KOREA (REP.)
 - published 16.04.2020 

------------
Cannot find travel restrictions info for KOREA (DEM. PEOPLE'S REP.) error unsupported operand type(s) for &: 'str' and 'str'
KOREA (DEM. PEOPLE'S REP.)
 -- published 06.02.2020 

------------
Cannot find travel restrictions info for KOSOVO (REP.) error unsupported operand type(s) for &: 'str' and 'str'
KOSOVO (REP.)
 - published 25.03.2020

------------
Cannot find travel restrictions info for KUWAIT error unsupported operand type(s) for &: 'str' and 'str'
KUWAIT
 - published 08.05.2020

------------
Cannot find travel restrictions info for KYRGYZSTAN error unsupported operand type(s) for &: 'str' and 'str'
KYRGYZSTAN
 -- published 20.03.2020 

------------
Cannot find travel restrictions info for LAO PEOPLE'S DEM. REP. error unsupported operand type(s) for &: 'str' and 'str'
LAO PEOPLE'S DEM. REP.
 -- published 17.04.2020

------------
Cannot find travel restrictions info for LATVIA error unsupported operand type(s) for &: 'str' and 'str'
LATVIA
 -- published 17.03.2020

------------
Cannot find travel restrictions info for LEBANON error unsupported operand type(s) for &: 'str' and 'str'
LEBANON
 - published 12.04.2020 

------------
Cannot find travel restrictions info for LESOTHO error unsupported operand type(s) for &: 'str' and 'str'
LESOTHO
 --- published 29.04.2020

------------
Cannot find travel restrictions info for LIBERIA error unsupported operand type(s) for &: 'str' and 'str'
LIBERIA
 -- published 24.04.2020

------------
Cannot find travel restrictions info for L error unsupported operand type(s) for &: 'str' and 'str'
L
<span><b>ITHUANIA</b> - published 07.05.2020<br/>1. Passengers are not allowed to enter Lithuania.<br/>-This does not apply to:<br/>- nationals and residents of Lithuania;<br/>- nationals of Poland with purpose of work, business or studies;<br/></span>

------------
Cannot find travel restrictions info for ITHUANIA error unsupported operand type(s) for &: 'str' and 'str'
ITHUANIA
 - published 07.05.2020

------------
Cannot find travel restrictions info for LUXEMBOURG error unsupported operand type(s) for &: 'str' and 'str'
LUXEMBOURG
 - published 21.03.2020

------------
Cannot find travel restrictions info for MACAO SAR, CHINA error unsupported operand type(s) for &: 'str' and 'str'
MACAO SAR, CHINA
 - published 29.04.2020 

------------
Cannot find travel restrictions info for MADAGASCAR error unsupported operand type(s) for &: 'str' and 'str'
MADAGASCAR
 -- published 20.04.2020

------------
Cannot find travel restrictions info for MALAWI error unsupported operand type(s) for &: 'str' and 'str'
MALAWI
 -- published 28.04.2020

------------
Cannot find travel restrictions info for MALAYSIA error unsupported operand type(s) for &: 'str' and 'str'
MALAYSIA
 - published 28.04.2020 

------------
Cannot find travel restrictions info for MALDIVES error unsupported operand type(s) for &: 'str' and 'str'
MALDIVES
 - published 15.04.2020

------------
Cannot find travel restrictions info for MALI error unsupported operand type(s) for &: 'str' and 'str'
MALI
 -- published 04.05.2020

------------
Cannot find travel restrictions info for MALTA error unsupported operand type(s) for &: 'str' and 'str'
MALTA
 -- published 14.04.2020

------------
Cannot find travel restrictions info for MARSHALL ISL. error unsupported operand type(s) for &: 'str' and 'str'
MARSHALL ISL.
 -- published 03.04.2020 

------------
Cannot find travel restrictions info for MAURITANIA error unsupported operand type(s) for &: 'str' and 'str'
MAURITANIA
 -- published 26.03.2020

------------
Cannot find travel restrictions info for MAURITIUS error unsupported operand type(s) for &: 'str' and 'str'
MAURITIUS
 -- published 07.05.2020 

------------
Cannot find travel restrictions info for MAYOTTE error unsupported operand type(s) for &: 'str' and 'str'
MAYOTTE
 --- published 06.05.2020 

------------
Cannot find travel restrictions info for MICRONESIA (FEDERATED STATES) error unsupported operand type(s) for &: 'str' and 'str'
MICRONESIA (FEDERATED STATES)
 - published 31.03.2020 

------------
Cannot find travel restrictions info for MOLDOVA error unsupported operand type(s) for &: 'str' and 'str'
MOLDOVA
 -- published 16.03.2020 

------------
Cannot find travel restrictions info for MONGOLIA error unsupported operand type(s) for &: 'str' and 'str'
MONGOLIA
 - published 06.05.2020 

------------
Cannot find travel restrictions info for MONTENEGRO error unsupported operand type(s) for &: 'str' and 'str'
MONTENEGRO
 -- published 15.03.2020 

------------
Cannot find travel restrictions info for MONTSERRAT error unsupported operand type(s) for &: 'str' and 'str'
MONTSERRAT
 -- published 27.03.2020

------------
Cannot find travel restrictions info for MOROCCO error unsupported operand type(s) for &: 'str' and 'str'
MOROCCO
 -- published 30.03.2020 

------------
Cannot find travel restrictions info for MOZAMBIQUE error unsupported operand type(s) for &: 'str' and 'str'
MOZAMBIQUE
 --- published 28.04.2020 

------------
Cannot find travel restrictions info for MYANMAR error unsupported operand type(s) for &: 'str' and 'str'
MYANMAR
 -- published 12.04.2020 

------------
Cannot find travel restrictions info for NAMIBIA error unsupported operand type(s) for &: 'str' and 'str'
NAMIBIA
 -- published 21.04.2020 

------------
Cannot find travel restrictions info for NAURU error unsupported operand type(s) for &: 'str' and 'str'
NAURU
 - published 07.03.2020 

------------
Cannot find travel restrictions info for NEPAL error unsupported operand type(s) for &: 'str' and 'str'
NEPAL
 -- published 06.05.2020

------------
Cannot find travel restrictions info for NETHERLANDS error unsupported operand type(s) for &: 'str' and 'str'
NETHERLANDS
 - published 21.04.2020

------------
Cannot find travel restrictions info for NEW CALEDONIA error unsupported operand type(s) for &: 'str' and 'str'
NEW CALEDONIA
 -- published 01.04.2020

------------
Cannot find travel restrictions info for NEW ZEALAND error unsupported operand type(s) for &: 'str' and 'str'
NEW ZEALAND
 - published 10.04.2020

------------
Cannot find travel restrictions info for NICARAGUA error unsupported operand type(s) for &: 'str' and 'str'
NICARAGUA
 -- published 01.05.2020

------------
Cannot find travel restrictions info for NIGERIA error unsupported operand type(s) for &: 'str' and 'str'
NIGERIA
 -- published 22.04.2020

------------
Cannot find travel restrictions info for NIUE error unsupported operand type(s) for &: 'str' and 'str'
NIUE
 - published 20.03.2020

------------
Cannot find travel restrictions info for NORTHERN MARIANA ISL. error unsupported operand type(s) for &: 'str' and 'str'
NORTHERN MARIANA ISL.
 --- published 21.04.2020

------------
Cannot find travel restrictions info for NORTH MACEDONIA error unsupported operand type(s) for &: 'str' and 'str'
NORTH MACEDONIA
 - published 22.03.2020

------------
Cannot find travel restrictions info for NORWAY error unsupported operand type(s) for &: 'str' and 'str'
NORWAY
 - published 14.04.2020

------------
Cannot find travel restrictions info for OMAN error unsupported operand type(s) for &: 'str' and 'str'
OMAN
 -- published 07.05.2020 

------------
Cannot find travel restrictions info for PAKISTAN error unsupported operand type(s) for &: 'str' and 'str'
PAKISTAN
 -- published 06.05.2020

------------
Cannot find travel restrictions info for PALAU error unsupported operand type(s) for &: 'str' and 'str'
PALAU
 - published 06.02.2020

------------
Cannot find travel restrictions info for PANAMA error unsupported operand type(s) for &: 'str' and 'str'
PANAMA
 -- published 21.04.2020

------------
Cannot find travel restrictions info for PAPUA NEW GUINEA error unsupported operand type(s) for &: 'str' and 'str'
PAPUA NEW GUINEA
 - published 18.03.2020

------------
Cannot find travel restrictions info for PARAGUAY error unsupported operand type(s) for &: 'str' and 'str'
PARAGUAY
 -- published 17.04.2020 

------------
Cannot find travel restrictions info for PERU error unsupported operand type(s) for &: 'str' and 'str'
PERU
 -- published 14.04.2020

------------
Cannot find travel restrictions info for PHILIPPINES error unsupported operand type(s) for &: 'str' and 'str'
PHILIPPINES
 -- published 04.05.2020

------------
Cannot find travel restrictions info for POLAND error unsupported operand type(s) for &: 'str' and 'str'
POLAND
 -- published 24.04.2020

------------
Cannot find travel restrictions info for PORTUGAL error unsupported operand type(s) for &: 'str' and 'str'
PORTUGAL
 - published 19.04.2020

------------
Cannot find travel restrictions info for PUERTO RICO error unsupported operand type(s) for &: 'str' and 'str'
PUERTO RICO
 --- published 06.04.2020

------------
Cannot find travel restrictions info for QATAR error unsupported operand type(s) for &: 'str' and 'str'
QATAR
 -- published 19.04.2020

------------
Cannot find travel restrictions info for REUNION  error unsupported operand type(s) for &: 'str' and 'str'
REUNION 
---

------------
Cannot find travel restrictions info for   error unsupported operand type(s) for &: 'str' and 'str'
 
published 06.05.2020

------------
Cannot find travel restrictions info for ROMANIA error unsupported operand type(s) for &: 'str' and 'str'
ROMANIA
 - published 23.03.2020

------------
Cannot find travel restrictions info for RUSSIAN FED. error unsupported operand type(s) for &: 'str' and 'str'
RUSSIAN FED.
 - published 26.03.2020

------------
Cannot find travel restrictions info for RWANDA error unsupported operand type(s) for &: 'str' and 'str'
RWANDA
 -- published 22.04.2020

------------
Cannot find travel restrictions info for SAMOA error unsupported operand type(s) for &: 'str' and 'str'
SAMOA
 - published 21.03.2020 

------------
Cannot find travel restrictions info for SAMOA (AMERICAN) error unsupported operand type(s) for &: 'str' and 'str'
SAMOA (AMERICAN)
 - published 18.03.2020

------------
Cannot find travel restrictions info for SAUDI ARABIA error unsupported operand type(s) for &: 'str' and 'str'
SAUDI ARABIA
 -- published 28.04.2020

------------
Cannot find travel restrictions info for SENEGAL error unsupported operand type(s) for &: 'str' and 'str'
SENEGAL
 -- published 16.04.2020

------------
Cannot find travel restrictions info for SERBIA error unsupported operand type(s) for &: 'str' and 'str'
SERBIA
 - published 18.03.2020

------------
Cannot find travel restrictions info for SEYCHELLES error unsupported operand type(s) for &: 'str' and 'str'
SEYCHELLES
 -- published 06.05.2020

------------
Cannot find travel restrictions info for SIERRA LEONE error unsupported operand type(s) for &: 'str' and 'str'
SIERRA LEONE
 --- published 26.03.2020

------------
Cannot find travel restrictions info for SINGAPORE error unsupported operand type(s) for &: 'str' and 'str'
SINGAPORE
 - published 29.04.2020

------------
Cannot find travel restrictions info for SLOVAKIA  error unsupported operand type(s) for &: 'str' and 'str'
SLOVAKIA 
-- published 07.05.2020

------------
Cannot find travel restrictions info for SLOVENIA error unsupported operand type(s) for &: 'str' and 'str'
SLOVENIA
 - published 29.04.2020

------------
Cannot find travel restrictions info for SOLOMON ISL. error unsupported operand type(s) for &: 'str' and 'str'
SOLOMON ISL.
 - published 04.05.2020

------------
Cannot find travel restrictions info for SOMALIA error unsupported operand type(s) for &: 'str' and 'str'
SOMALIA
 - published 16.03.2020

------------
Cannot find travel restrictions info for SOUTH AFRICA error unsupported operand type(s) for &: 'str' and 'str'
SOUTH AFRICA
 -- published 28.04.2020

------------
Cannot find travel restrictions info for SOUTH SUDAN error unsupported operand type(s) for &: 'str' and 'str'
SOUTH SUDAN
 -- published 22.04.2020

------------
Cannot find travel restrictions info for SPAIN error unsupported operand type(s) for &: 'str' and 'str'
SPAIN
 - published 23.04.2020

------------
Cannot find travel restrictions info for SRI LANKA error unsupported operand type(s) for &: 'str' and 'str'
SRI LANKA
 -- published 22.04.2020

------------
Cannot find travel restrictions info for ST. HELENA error unsupported operand type(s) for &: 'str' and 'str'
ST. HELENA
 - published 29.03.2020

------------
Cannot find travel restrictions info for ST. KITTS AND NEVIS error unsupported operand type(s) for &: 'str' and 'str'
ST. KITTS AND NEVIS
 -- published 12.04.2020

------------
Cannot find travel restrictions info for ST. LUCIA error unsupported operand type(s) for &: 'str' and 'str'
ST. LUCIA
 -- published 15.04.2020

------------
Cannot find travel restrictions info for ST. MAARTEN error unsupported operand type(s) for &: 'str' and 'str'
ST. MAARTEN
 -- published 10.04.2020

------------
Cannot find travel restrictions info for ST. VINCENT AND THE GRENADINES error unsupported operand type(s) for &: 'str' and 'str'
ST. VINCENT AND THE GRENADINES
 - published 20.03.2020

------------
Cannot find travel restrictions info for SUDAN error unsupported operand type(s) for &: 'str' and 'str'
SUDAN
 -- published 20.04.2020

------------
Cannot find travel restrictions info for SURINAME error unsupported operand type(s) for &: 'str' and 'str'
SURINAME
 -- published 09.04.2020

------------
Cannot find travel restrictions info for SWEDEN error unsupported operand type(s) for &: 'str' and 'str'
SWEDEN
 - published 08.05.2020

------------
Cannot find travel restrictions info for SWITZERLAND error unsupported operand type(s) for &: 'str' and 'str'
SWITZERLAND
 - published 14.04.2020

------------
Cannot find travel restrictions info for TAJIKISTAN error unsupported operand type(s) for &: 'str' and 'str'
TAJIKISTAN
 --- published 19.03.2020 

------------
Cannot find travel restrictions info for TANZANIA error unsupported operand type(s) for &: 'str' and 'str'
TANZANIA
 --- published 23.03.2020

------------
Cannot find travel restrictions info for THAILAND error unsupported operand type(s) for &: 'str' and 'str'
THAILAND
 -- published 27.04.2020

------------
Cannot find travel restrictions info for TIMOR-LESTE error unsupported operand type(s) for &: 'str' and 'str'
TIMOR-LESTE
 -- published 30.04.2020

------------
Cannot find travel restrictions info for TOGO error unsupported operand type(s) for &: 'str' and 'str'
TOGO
 -- published 25.04.2020

------------
Cannot find travel restrictions info for TONGA error unsupported operand type(s) for &: 'str' and 'str'
TONGA
 - published 27.02.2020 

------------
Cannot find travel restrictions info for TRINIDAD AND TOBAGO error unsupported operand type(s) for &: 'str' and 'str'
TRINIDAD AND TOBAGO
 -- published 30.03.2020 

------------
Cannot find travel restrictions info for TUNISIA error unsupported operand type(s) for &: 'str' and 'str'
TUNISIA
 -- published 04.05.2020

------------
Cannot find travel restrictions info for TURKEY error unsupported operand type(s) for &: 'str' and 'str'
TURKEY
- published 04.05.2020

------------
Cannot find travel restrictions info for TURKMENISTAN error unsupported operand type(s) for &: 'str' and 'str'
TURKMENISTAN
 -- published 17.04.2020

------------
Cannot find travel restrictions info for TURKS AND CAICOS ISL. error unsupported operand type(s) for &: 'str' and 'str'
TURKS AND CAICOS ISL.
 -- published 10.04.2020

------------
Cannot find travel restrictions info for TUVALU error unsupported operand type(s) for &: 'str' and 'str'
TUVALU
 -- published 26.03.2020

------------
Cannot find travel restrictions info for UGANDA error unsupported operand type(s) for &: 'str' and 'str'
UGANDA
 -- published 22.04.2020

------------
Cannot find travel restrictions info for UKRAINE error unsupported operand type(s) for &: 'str' and 'str'
UKRAINE
 -- published 02.04.2020

------------
Cannot find travel restrictions info for UNITED ARAB EMIRATES error unsupported operand type(s) for &: 'str' and 'str'
UNITED ARAB EMIRATES
 -- published 19.04.2020

------------
Cannot find travel restrictions info for URUGUAY error unsupported operand type(s) for &: 'str' and 'str'
URUGUAY
 -- published 20.04.2020 

------------
Cannot find travel restrictions info for USA error unsupported operand type(s) for &: 'str' and 'str'
USA
 - published 17.03.2020

------------
Cannot find travel restrictions info for UZBEKISTAN error unsupported operand type(s) for &: 'str' and 'str'
UZBEKISTAN
 -- published 24.03.2020

------------
Cannot find travel restrictions info for VANUATU error unsupported operand type(s) for &: 'str' and 'str'
VANUATU
 -- published 30.03.2020 

------------
Cannot find travel restrictions info for VENEZUELA error unsupported operand type(s) for &: 'str' and 'str'
VENEZUELA
 -- published 09.04.2020 

------------
Cannot find travel restrictions info for VIET NAM error unsupported operand type(s) for &: 'str' and 'str'
VIET NAM
 - published 01.04.2020

------------
Cannot find travel restrictions info for VIRGIN ISL. (BRITISH) error unsupported operand type(s) for &: 'str' and 'str'
VIRGIN ISL. (BRITISH)
 -- published 17.04.2020

------------
Cannot find travel restrictions info for VIRGIN ISL. (USA) error unsupported operand type(s) for &: 'str' and 'str'
VIRGIN ISL. (USA)
 -- published 01.05.2020

------------
Cannot find travel restrictions info for ZAMBIA error unsupported operand type(s) for &: 'str' and 'str'
ZAMBIA
 - published 27.03.2020

------------
Cannot find travel restrictions info for ZIMBABWE error unsupported operand type(s) for &: 'str' and 'str'
ZIMBABWE
 - published 22.04.2020

------------
